========================================
Déploiement VM: benson912
Date: 2026-03-19 12:06:02
========================================
>>> tofu init

[0m[1mInitializing the backend...[0m

[0m[1mInitializing provider plugins...[0m
- Finding telmate/proxmox versions matching "3.0.2-rc07"...
- Installing telmate/proxmox v3.0.2-rc07 to the shared cache directory...
[33m- Installed telmate/proxmox v3.0.2-rc07. Signature validation was skipped due to the registry not containing GPG keys for this provider[0m[0m
- Using telmate/proxmox v3.0.2-rc07 from the shared cache directory

OpenTofu has created a lock file [1m.terraform.lock.hcl[0m to record the provider
selections it made above. Include this file in your version control repository
so that OpenTofu can guarantee to make the same selections by default when
you run "tofu init" in the future.[0m

[0m[1m[32mOpenTofu has been successfully initialized![0m[32m[0m
[0m[32m
You may now begin working with OpenTofu. Try running "tofu plan" to see
any changes that are required for your infrastructure. All OpenTofu commands
should now work.

If you ever set or change modules or backend configuration for OpenTofu,
rerun this command to reinitialize your working directory. If you forget, other
commands will detect it and remind you to do so if necessary.[0m

>>> tofu apply

OpenTofu used the selected providers to generate the following execution
plan. Resource actions are indicated with the following symbols:
  [32m+[0m create[0m

OpenTofu will perform the following actions:

[1m  # proxmox_vm_qemu.student_vm[0m will be created
[0m  [32m+[0m[0m resource "proxmox_vm_qemu" "student_vm" {
      [32m+[0m[0m additional_wait           = 5
      [32m+[0m[0m agent                     = 1
      [32m+[0m[0m agent_timeout             = 120
      [32m+[0m[0m automatic_reboot          = true
      [32m+[0m[0m automatic_reboot_severity = "error"
      [32m+[0m[0m balloon                   = 0
      [32m+[0m[0m bios                      = "seabios"
      [32m+[0m[0m boot                      = "order=scsi0"
      [32m+[0m[0m bootdisk                  = "scsi0"
      [32m+[0m[0m ciupgrade                 = false
      [32m+[0m[0m ciuser                    = "benson912"
      [32m+[0m[0m clone                     = "Modele-Debian-cloudinit"
      [32m+[0m[0m clone_wait                = 10
      [32m+[0m[0m current_node              = (known after apply)
      [32m+[0m[0m default_ipv4_address      = (known after apply)
      [32m+[0m[0m default_ipv6_address      = (known after apply)
      [32m+[0m[0m define_connection_info    = true
      [32m+[0m[0m description               = "Managed by Terraform."
      [32m+[0m[0m force_create              = false
      [32m+[0m[0m full_clone                = true
      [32m+[0m[0m hotplug                   = "network,disk,usb"
      [32m+[0m[0m id                        = (known after apply)
      [32m+[0m[0m ipconfig0                 = "ip=dhcp"
      [32m+[0m[0m kvm                       = true
      [32m+[0m[0m linked_vmid               = (known after apply)
      [32m+[0m[0m memory                    = 4096
      [32m+[0m[0m name                      = "vm-benson912"
      [32m+[0m[0m protection                = false
      [32m+[0m[0m reboot_required           = (known after apply)
      [32m+[0m[0m scsihw                    = "virtio-scsi-pci"
      [32m+[0m[0m skip_ipv4                 = false
      [32m+[0m[0m skip_ipv6                 = true
      [32m+[0m[0m ssh_host                  = (known after apply)
      [32m+[0m[0m ssh_port                  = (known after apply)
      [32m+[0m[0m tablet                    = true
      [32m+[0m[0m target_node               = "pve"
      [32m+[0m[0m unused_disk               = (known after apply)
      [32m+[0m[0m vm_state                  = "running"
      [32m+[0m[0m vmid                      = 12033

      [32m+[0m[0m cpu {
          [32m+[0m[0m cores   = 2
          [32m+[0m[0m limit   = 0
          [32m+[0m[0m numa    = false
          [32m+[0m[0m sockets = 1
          [32m+[0m[0m type    = "host"
          [32m+[0m[0m units   = 0
          [32m+[0m[0m vcores  = 0
        }

      [32m+[0m[0m disk {
          [32m+[0m[0m backup               = true
          [32m+[0m[0m discard              = true
          [32m+[0m[0m id                   = (known after apply)
          [32m+[0m[0m iops_r_burst         = 0
          [32m+[0m[0m iops_r_burst_length  = 0
          [32m+[0m[0m iops_r_concurrent    = 0
          [32m+[0m[0m iops_wr_burst        = 0
          [32m+[0m[0m iops_wr_burst_length = 0
          [32m+[0m[0m iops_wr_concurrent   = 0
          [32m+[0m[0m linked_disk_id       = (known after apply)
          [32m+[0m[0m mbps_r_burst         = 0
          [32m+[0m[0m mbps_r_concurrent    = 0
          [32m+[0m[0m mbps_wr_burst        = 0
          [32m+[0m[0m mbps_wr_concurrent   = 0
          [32m+[0m[0m passthrough          = false
          [32m+[0m[0m size                 = "32G"
          [32m+[0m[0m slot                 = "scsi0"
          [32m+[0m[0m storage              = "local-lvm"
          [32m+[0m[0m type                 = "disk"
        }

      [32m+[0m[0m network {
          [32m+[0m[0m bridge    = "vmbr1"
          [32m+[0m[0m firewall  = false
          [32m+[0m[0m id        = 0
          [32m+[0m[0m link_down = false
          [32m+[0m[0m macaddr   = (known after apply)
          [32m+[0m[0m model     = "virtio"
          [32m+[0m[0m tag       = 5
        }

      [32m+[0m[0m smbios (known after apply)

      [32m+[0m[0m vga {
          [32m+[0m[0m memory = 64
          [32m+[0m[0m type   = "qxl"
        }
    }

[1mPlan:[0m 1 to add, 0 to change, 0 to destroy.
[0m
Changes to Outputs:
  [32m+[0m[0m vm_id = 12033
  [32m+[0m[0m vm_ip = (known after apply)
[0m[1mproxmox_vm_qemu.student_vm: Creating...[0m[0m
[0m[1mproxmox_vm_qemu.student_vm: Still creating... [10s elapsed][0m[0m
[0m[1mproxmox_vm_qemu.student_vm: Still creating... [20s elapsed][0m[0m
[0m[1mproxmox_vm_qemu.student_vm: Still creating... [30s elapsed][0m[0m
[0m[1mproxmox_vm_qemu.student_vm: Still creating... [40s elapsed][0m[0m
[0m[1mproxmox_vm_qemu.student_vm: Still creating... [50s elapsed][0m[0m
[0m[1mproxmox_vm_qemu.student_vm: Creation complete after 52s [id=pve/qemu/12033][0m
[0m[1m[32m
Apply complete! Resources: 1 added, 0 changed, 0 destroyed.
[0m[0m[1m[32m
Outputs:

[0mvm_id = 12033
vm_ip = "172.16.0.225"

>>> Récupération IP
IP: 172.16.0.225

>>> Attente SSH sur 172.16.0.225
SSH OK après 1 tentatives

>>> Lancement Ansible
Logs Ansible: /srv/ansible/logs/ansible-benson912.log
========================================
